android/capacitor-cordova-android-plugins/build/intermediates/manifest_merge_blame_file/release/manifest-merger-blame-release-report.txt
1<?xml version="1.0" encoding="utf-8"?>
2<manifest xmlns:amazon="http://schemas.amazon.com/apk/res/android"
3    xmlns:android="http://schemas.android.com/apk/res/android"
4    package="capacitor.android.plugins" >
5
6    <uses-sdk android:minSdkVersion="29" />
6-->src/main/AndroidManifest.xml
7
8    <application>
8-->src/main/AndroidManifest.xml:5:1-7:15
9    </application>
10
11</manifest>